2023-02-28 00:04:03,331 django.request ERROR    Internal Server Error: /admin/summIApp/useruploadedfiles/
Traceback (most recent call last):
  File "/Library/Frameworks/Python.framework/Versions/3.10/lib/python3.10/site-packages/django/db/backends/utils.py", line 89, in _execute
    return self.cursor.execute(sql, params)
  File "/Library/Frameworks/Python.framework/Versions/3.10/lib/python3.10/site-packages/django/db/backends/sqlite3/base.py", line 357, in execute
    return Database.Cursor.execute(self, query, params)
sqlite3.OperationalError: no such column: summIApp_useruploadedfiles.is_public_file

The above exception was the direct cause of the following exception:

Traceback (most recent call last):
  File "/Library/Frameworks/Python.framework/Versions/3.10/lib/python3.10/site-packages/django/core/handlers/exception.py", line 55, in inner
    response = get_response(request)
  File "/Library/Frameworks/Python.framework/Versions/3.10/lib/python3.10/site-packages/django/core/handlers/base.py", line 197, in _get_response
    response = wrapped_callback(request, *callback_args, **callback_kwargs)
  File "/Library/Frameworks/Python.framework/Versions/3.10/lib/python3.10/site-packages/django/contrib/admin/options.py", line 686, in wrapper
    return self.admin_site.admin_view(view)(*args, **kwargs)
  File "/Library/Frameworks/Python.framework/Versions/3.10/lib/python3.10/site-packages/django/utils/decorators.py", line 133, in _wrapped_view
    response = view_func(request, *args, **kwargs)
  File "/Library/Frameworks/Python.framework/Versions/3.10/lib/python3.10/site-packages/django/views/decorators/cache.py", line 62, in _wrapped_view_func
    response = view_func(request, *args, **kwargs)
  File "/Library/Frameworks/Python.framework/Versions/3.10/lib/python3.10/site-packages/django/contrib/admin/sites.py", line 242, in inner
    return view(request, *args, **kwargs)
  File "/Library/Frameworks/Python.framework/Versions/3.10/lib/python3.10/site-packages/django/utils/decorators.py", line 46, in _wrapper
    return bound_method(*args, **kwargs)
  File "/Library/Frameworks/Python.framework/Versions/3.10/lib/python3.10/site-packages/django/utils/decorators.py", line 133, in _wrapped_view
    response = view_func(request, *args, **kwargs)
  File "/Library/Frameworks/Python.framework/Versions/3.10/lib/python3.10/site-packages/django/contrib/admin/options.py", line 2068, in changelist_view
    "selection_note": _("0 of %(cnt)s selected") % {"cnt": len(cl.result_list)},
  File "/Library/Frameworks/Python.framework/Versions/3.10/lib/python3.10/site-packages/django/db/models/query.py", line 376, in __len__
    self._fetch_all()
  File "/Library/Frameworks/Python.framework/Versions/3.10/lib/python3.10/site-packages/django/db/models/query.py", line 1867, in _fetch_all
    self._result_cache = list(self._iterable_class(self))
  File "/Library/Frameworks/Python.framework/Versions/3.10/lib/python3.10/site-packages/django/db/models/query.py", line 87, in __iter__
    results = compiler.execute_sql(
  File "/Library/Frameworks/Python.framework/Versions/3.10/lib/python3.10/site-packages/django/db/models/sql/compiler.py", line 1398, in execute_sql
    cursor.execute(sql, params)
  File "/Library/Frameworks/Python.framework/Versions/3.10/lib/python3.10/site-packages/django/db/backends/utils.py", line 103, in execute
    return super().execute(sql, params)
  File "/Library/Frameworks/Python.framework/Versions/3.10/lib/python3.10/site-packages/django/db/backends/utils.py", line 67, in execute
    return self._execute_with_wrappers(
  File "/Library/Frameworks/Python.framework/Versions/3.10/lib/python3.10/site-packages/django/db/backends/utils.py", line 80, in _execute_with_wrappers
    return executor(sql, params, many, context)
  File "/Library/Frameworks/Python.framework/Versions/3.10/lib/python3.10/site-packages/django/db/backends/utils.py", line 84, in _execute
    with self.db.wrap_database_errors:
  File "/Library/Frameworks/Python.framework/Versions/3.10/lib/python3.10/site-packages/django/db/utils.py", line 91, in __exit__
    raise dj_exc_value.with_traceback(traceback) from exc_value
  File "/Library/Frameworks/Python.framework/Versions/3.10/lib/python3.10/site-packages/django/db/backends/utils.py", line 89, in _execute
    return self.cursor.execute(sql, params)
  File "/Library/Frameworks/Python.framework/Versions/3.10/lib/python3.10/site-packages/django/db/backends/sqlite3/base.py", line 357, in execute
    return Database.Cursor.execute(self, query, params)
django.db.utils.OperationalError: no such column: summIApp_useruploadedfiles.is_public_file
2023-02-28 00:04:03,482 django.request WARNING  Not Found: /favicon.ico
2023-02-28 00:07:15,583 PIL.PngImagePlugin DEBUG    STREAM b'IHDR' 16 13
2023-02-28 00:07:15,584 PIL.PngImagePlugin DEBUG    STREAM b'iCCP' 41 3181
2023-02-28 00:07:15,584 PIL.PngImagePlugin DEBUG    iCCP profile name b'ICC Profile'
2023-02-28 00:07:15,586 PIL.PngImagePlugin DEBUG    Compression method 0
2023-02-28 00:07:15,586 PIL.PngImagePlugin DEBUG    STREAM b'eXIf' 3234 138
2023-02-28 00:07:15,587 PIL.PngImagePlugin DEBUG    STREAM b'pHYs' 3384 9
2023-02-28 00:07:15,587 PIL.PngImagePlugin DEBUG    STREAM b'iTXt' 3405 471
2023-02-28 00:07:15,587 PIL.PngImagePlugin DEBUG    STREAM b'iDOT' 3888 28
2023-02-28 00:07:15,587 PIL.PngImagePlugin DEBUG    b'iDOT' 3888 28 (unknown)
2023-02-28 00:07:15,587 PIL.PngImagePlugin DEBUG    STREAM b'IDAT' 3928 16384
2023-02-28 00:07:15,593 django       ERROR    table summIApp_useruploadedfiles has no column named is_public_file
2023-02-28 00:29:25,567 PIL.PngImagePlugin DEBUG    STREAM b'IHDR' 16 13
2023-02-28 00:29:25,568 PIL.PngImagePlugin DEBUG    STREAM b'iCCP' 41 3181
2023-02-28 00:29:25,568 PIL.PngImagePlugin DEBUG    iCCP profile name b'ICC Profile'
2023-02-28 00:29:25,568 PIL.PngImagePlugin DEBUG    Compression method 0
2023-02-28 00:29:25,568 PIL.PngImagePlugin DEBUG    STREAM b'eXIf' 3234 150
2023-02-28 00:29:25,568 PIL.PngImagePlugin DEBUG    STREAM b'pHYs' 3396 9
2023-02-28 00:29:25,568 PIL.PngImagePlugin DEBUG    STREAM b'iTXt' 3417 732
2023-02-28 00:29:25,569 PIL.PngImagePlugin DEBUG    STREAM b'IDAT' 4161 16384
2023-02-28 00:29:25,575 django       ERROR    table summIApp_useruploadedfiles has no column named is_public_file
2023-02-28 00:36:03,247 PIL.PngImagePlugin DEBUG    STREAM b'IHDR' 16 13
2023-02-28 00:36:03,248 PIL.PngImagePlugin DEBUG    STREAM b'iCCP' 41 3181
2023-02-28 00:36:03,248 PIL.PngImagePlugin DEBUG    iCCP profile name b'ICC Profile'
2023-02-28 00:36:03,248 PIL.PngImagePlugin DEBUG    Compression method 0
2023-02-28 00:36:03,249 PIL.PngImagePlugin DEBUG    STREAM b'eXIf' 3234 150
2023-02-28 00:36:03,249 PIL.PngImagePlugin DEBUG    STREAM b'pHYs' 3396 9
2023-02-28 00:36:03,249 PIL.PngImagePlugin DEBUG    STREAM b'iTXt' 3417 732
2023-02-28 00:36:03,249 PIL.PngImagePlugin DEBUG    STREAM b'IDAT' 4161 16384
2023-02-28 00:36:03,257 django       ERROR    table summIApp_useruploadedfiles has no column named is_public_file
2023-02-28 00:36:42,686 PIL.PngImagePlugin DEBUG    STREAM b'IHDR' 16 13
2023-02-28 00:36:42,686 PIL.PngImagePlugin DEBUG    STREAM b'iCCP' 41 3181
2023-02-28 00:36:42,686 PIL.PngImagePlugin DEBUG    iCCP profile name b'ICC Profile'
2023-02-28 00:36:42,686 PIL.PngImagePlugin DEBUG    Compression method 0
2023-02-28 00:36:42,687 PIL.PngImagePlugin DEBUG    STREAM b'eXIf' 3234 150
2023-02-28 00:36:42,687 PIL.PngImagePlugin DEBUG    STREAM b'pHYs' 3396 9
2023-02-28 00:36:42,687 PIL.PngImagePlugin DEBUG    STREAM b'iTXt' 3417 732
2023-02-28 00:36:42,687 PIL.PngImagePlugin DEBUG    STREAM b'IDAT' 4161 16384
2023-02-28 00:36:42,693 django       ERROR    table summIApp_useruploadedfiles has no column named is_public_file
2023-02-28 00:58:18,904 PIL.PngImagePlugin DEBUG    STREAM b'IHDR' 16 13
2023-02-28 00:58:18,904 PIL.PngImagePlugin DEBUG    STREAM b'iCCP' 41 3181
2023-02-28 00:58:18,905 PIL.PngImagePlugin DEBUG    iCCP profile name b'ICC Profile'
2023-02-28 00:58:18,905 PIL.PngImagePlugin DEBUG    Compression method 0
2023-02-28 00:58:18,905 PIL.PngImagePlugin DEBUG    STREAM b'eXIf' 3234 150
2023-02-28 00:58:18,905 PIL.PngImagePlugin DEBUG    STREAM b'pHYs' 3396 9
2023-02-28 00:58:18,905 PIL.PngImagePlugin DEBUG    STREAM b'iTXt' 3417 732
2023-02-28 00:58:18,905 PIL.PngImagePlugin DEBUG    STREAM b'IDAT' 4161 16384
2023-02-28 00:58:18,914 django       ERROR    table summIApp_useruploadedfiles has no column named is_public_file
2023-02-28 01:01:43,799 PIL.PngImagePlugin DEBUG    STREAM b'IHDR' 16 13
2023-02-28 01:01:43,799 PIL.PngImagePlugin DEBUG    STREAM b'iCCP' 41 3181
2023-02-28 01:01:43,799 PIL.PngImagePlugin DEBUG    iCCP profile name b'ICC Profile'
2023-02-28 01:01:43,800 PIL.PngImagePlugin DEBUG    Compression method 0
2023-02-28 01:01:43,800 PIL.PngImagePlugin DEBUG    STREAM b'eXIf' 3234 150
2023-02-28 01:01:43,800 PIL.PngImagePlugin DEBUG    STREAM b'pHYs' 3396 9
2023-02-28 01:01:43,800 PIL.PngImagePlugin DEBUG    STREAM b'iTXt' 3417 732
2023-02-28 01:01:43,800 PIL.PngImagePlugin DEBUG    STREAM b'IDAT' 4161 16384
2023-02-28 01:01:43,808 django       ERROR    table summIApp_useruploadedfiles has no column named is_public_file
2023-02-28 01:03:19,265 PIL.PngImagePlugin DEBUG    STREAM b'IHDR' 16 13
2023-02-28 01:03:19,266 PIL.PngImagePlugin DEBUG    STREAM b'iCCP' 41 3181
2023-02-28 01:03:19,266 PIL.PngImagePlugin DEBUG    iCCP profile name b'ICC Profile'
2023-02-28 01:03:19,266 PIL.PngImagePlugin DEBUG    Compression method 0
2023-02-28 01:03:19,266 PIL.PngImagePlugin DEBUG    STREAM b'eXIf' 3234 150
2023-02-28 01:03:19,267 PIL.PngImagePlugin DEBUG    STREAM b'pHYs' 3396 9
2023-02-28 01:03:19,267 PIL.PngImagePlugin DEBUG    STREAM b'iTXt' 3417 732
2023-02-28 01:03:19,267 PIL.PngImagePlugin DEBUG    STREAM b'IDAT' 4161 16384
2023-02-28 01:03:19,275 django       ERROR    table summIApp_useruploadedfiles has no column named is_public_file
2023-02-28 01:06:01,595 PIL.PngImagePlugin DEBUG    STREAM b'IHDR' 16 13
2023-02-28 01:06:01,596 PIL.PngImagePlugin DEBUG    STREAM b'iCCP' 41 3181
2023-02-28 01:06:01,596 PIL.PngImagePlugin DEBUG    iCCP profile name b'ICC Profile'
2023-02-28 01:06:01,596 PIL.PngImagePlugin DEBUG    Compression method 0
2023-02-28 01:06:01,597 PIL.PngImagePlugin DEBUG    STREAM b'eXIf' 3234 150
2023-02-28 01:06:01,597 PIL.PngImagePlugin DEBUG    STREAM b'pHYs' 3396 9
2023-02-28 01:06:01,597 PIL.PngImagePlugin DEBUG    STREAM b'iTXt' 3417 732
2023-02-28 01:06:01,597 PIL.PngImagePlugin DEBUG    STREAM b'IDAT' 4161 16384
2023-02-28 01:06:01,605 django       ERROR    table summIApp_useruploadedfiles has no column named is_public_file
2023-02-28 01:06:55,358 PIL.PngImagePlugin DEBUG    STREAM b'IHDR' 16 13
2023-02-28 01:06:55,358 PIL.PngImagePlugin DEBUG    STREAM b'iCCP' 41 3181
2023-02-28 01:06:55,358 PIL.PngImagePlugin DEBUG    iCCP profile name b'ICC Profile'
2023-02-28 01:06:55,358 PIL.PngImagePlugin DEBUG    Compression method 0
2023-02-28 01:06:55,358 PIL.PngImagePlugin DEBUG    STREAM b'eXIf' 3234 150
2023-02-28 01:06:55,358 PIL.PngImagePlugin DEBUG    STREAM b'pHYs' 3396 9
2023-02-28 01:06:55,358 PIL.PngImagePlugin DEBUG    STREAM b'iTXt' 3417 732
2023-02-28 01:06:55,359 PIL.PngImagePlugin DEBUG    STREAM b'IDAT' 4161 16384
2023-02-28 01:06:55,364 django       ERROR    table summIApp_useruploadedfiles has no column named is_public_file
2023-02-28 01:07:33,167 PIL.PngImagePlugin DEBUG    STREAM b'IHDR' 16 13
2023-02-28 01:07:33,168 PIL.PngImagePlugin DEBUG    STREAM b'iCCP' 41 3181
2023-02-28 01:07:33,168 PIL.PngImagePlugin DEBUG    iCCP profile name b'ICC Profile'
2023-02-28 01:07:33,168 PIL.PngImagePlugin DEBUG    Compression method 0
2023-02-28 01:07:33,168 PIL.PngImagePlugin DEBUG    STREAM b'eXIf' 3234 150
2023-02-28 01:07:33,168 PIL.PngImagePlugin DEBUG    STREAM b'pHYs' 3396 9
2023-02-28 01:07:33,168 PIL.PngImagePlugin DEBUG    STREAM b'iTXt' 3417 732
2023-02-28 01:07:33,168 PIL.PngImagePlugin DEBUG    STREAM b'IDAT' 4161 16384
2023-02-28 01:07:33,171 django       ERROR    table summIApp_useruploadedfiles has no column named is_public_file
2023-02-28 01:07:47,724 PIL.PngImagePlugin DEBUG    STREAM b'IHDR' 16 13
2023-02-28 01:07:47,724 PIL.PngImagePlugin DEBUG    STREAM b'iCCP' 41 3181
2023-02-28 01:07:47,725 PIL.PngImagePlugin DEBUG    iCCP profile name b'ICC Profile'
2023-02-28 01:07:47,725 PIL.PngImagePlugin DEBUG    Compression method 0
2023-02-28 01:07:47,725 PIL.PngImagePlugin DEBUG    STREAM b'eXIf' 3234 150
2023-02-28 01:07:47,725 PIL.PngImagePlugin DEBUG    STREAM b'pHYs' 3396 9
2023-02-28 01:07:47,725 PIL.PngImagePlugin DEBUG    STREAM b'iTXt' 3417 732
2023-02-28 01:07:47,725 PIL.PngImagePlugin DEBUG    STREAM b'IDAT' 4161 16384
2023-02-28 01:07:47,730 django       ERROR    table summIApp_useruploadedfiles has no column named is_public_file
2023-02-28 01:08:01,296 PIL.PngImagePlugin DEBUG    STREAM b'IHDR' 16 13
2023-02-28 01:08:01,297 PIL.PngImagePlugin DEBUG    STREAM b'iCCP' 41 3181
2023-02-28 01:08:01,297 PIL.PngImagePlugin DEBUG    iCCP profile name b'ICC Profile'
2023-02-28 01:08:01,297 PIL.PngImagePlugin DEBUG    Compression method 0
2023-02-28 01:08:01,297 PIL.PngImagePlugin DEBUG    STREAM b'eXIf' 3234 150
2023-02-28 01:08:01,297 PIL.PngImagePlugin DEBUG    STREAM b'pHYs' 3396 9
2023-02-28 01:08:01,297 PIL.PngImagePlugin DEBUG    STREAM b'iTXt' 3417 732
2023-02-28 01:08:01,297 PIL.PngImagePlugin DEBUG    STREAM b'IDAT' 4161 16384
2023-02-28 01:08:01,303 django       ERROR    table summIApp_useruploadedfiles has no column named is_public_file
2023-02-28 01:09:28,795 PIL.PngImagePlugin DEBUG    STREAM b'IHDR' 16 13
2023-02-28 01:09:28,795 PIL.PngImagePlugin DEBUG    STREAM b'iCCP' 41 3181
2023-02-28 01:09:28,795 PIL.PngImagePlugin DEBUG    iCCP profile name b'ICC Profile'
2023-02-28 01:09:28,795 PIL.PngImagePlugin DEBUG    Compression method 0
2023-02-28 01:09:28,795 PIL.PngImagePlugin DEBUG    STREAM b'eXIf' 3234 150
2023-02-28 01:09:28,795 PIL.PngImagePlugin DEBUG    STREAM b'pHYs' 3396 9
2023-02-28 01:09:28,795 PIL.PngImagePlugin DEBUG    STREAM b'iTXt' 3417 732
2023-02-28 01:09:28,795 PIL.PngImagePlugin DEBUG    STREAM b'IDAT' 4161 16384
2023-02-28 01:09:28,799 django       ERROR    table summIApp_useruploadedfiles has no column named is_public_file
2023-02-28 01:09:42,796 PIL.PngImagePlugin DEBUG    STREAM b'IHDR' 16 13
2023-02-28 01:09:42,796 PIL.PngImagePlugin DEBUG    STREAM b'iCCP' 41 3181
2023-02-28 01:09:42,796 PIL.PngImagePlugin DEBUG    iCCP profile name b'ICC Profile'
2023-02-28 01:09:42,796 PIL.PngImagePlugin DEBUG    Compression method 0
2023-02-28 01:09:42,796 PIL.PngImagePlugin DEBUG    STREAM b'eXIf' 3234 138
2023-02-28 01:09:42,797 PIL.PngImagePlugin DEBUG    STREAM b'pHYs' 3384 9
2023-02-28 01:09:42,797 PIL.PngImagePlugin DEBUG    STREAM b'iTXt' 3405 471
2023-02-28 01:09:42,797 PIL.PngImagePlugin DEBUG    STREAM b'iDOT' 3888 28
2023-02-28 01:09:42,797 PIL.PngImagePlugin DEBUG    b'iDOT' 3888 28 (unknown)
2023-02-28 01:09:42,797 PIL.PngImagePlugin DEBUG    STREAM b'IDAT' 3928 16384
2023-02-28 01:09:42,800 django       ERROR    table summIApp_useruploadedfiles has no column named is_public_file
2023-02-28 01:09:57,325 PIL.PngImagePlugin DEBUG    STREAM b'IHDR' 16 13
2023-02-28 01:09:57,326 PIL.PngImagePlugin DEBUG    STREAM b'iCCP' 41 3181
2023-02-28 01:09:57,326 PIL.PngImagePlugin DEBUG    iCCP profile name b'ICC Profile'
2023-02-28 01:09:57,326 PIL.PngImagePlugin DEBUG    Compression method 0
2023-02-28 01:09:57,326 PIL.PngImagePlugin DEBUG    STREAM b'eXIf' 3234 150
2023-02-28 01:09:57,326 PIL.PngImagePlugin DEBUG    STREAM b'pHYs' 3396 9
2023-02-28 01:09:57,326 PIL.PngImagePlugin DEBUG    STREAM b'iTXt' 3417 732
2023-02-28 01:09:57,327 PIL.PngImagePlugin DEBUG    STREAM b'IDAT' 4161 16384
2023-02-28 01:09:57,333 django       ERROR    table summIApp_useruploadedfiles has no column named is_public_file
2023-02-28 01:10:08,206 PIL.PngImagePlugin DEBUG    STREAM b'IHDR' 16 13
2023-02-28 01:10:08,207 PIL.PngImagePlugin DEBUG    STREAM b'iCCP' 41 3181
2023-02-28 01:10:08,207 PIL.PngImagePlugin DEBUG    iCCP profile name b'ICC Profile'
2023-02-28 01:10:08,207 PIL.PngImagePlugin DEBUG    Compression method 0
2023-02-28 01:10:08,207 PIL.PngImagePlugin DEBUG    STREAM b'eXIf' 3234 138
2023-02-28 01:10:08,207 PIL.PngImagePlugin DEBUG    STREAM b'pHYs' 3384 9
2023-02-28 01:10:08,207 PIL.PngImagePlugin DEBUG    STREAM b'iTXt' 3405 471
2023-02-28 01:10:08,207 PIL.PngImagePlugin DEBUG    STREAM b'iDOT' 3888 28
2023-02-28 01:10:08,207 PIL.PngImagePlugin DEBUG    b'iDOT' 3888 28 (unknown)
2023-02-28 01:10:08,207 PIL.PngImagePlugin DEBUG    STREAM b'IDAT' 3928 16384
2023-02-28 01:10:08,212 django       ERROR    table summIApp_useruploadedfiles has no column named is_public_file
2023-02-28 01:10:24,835 PIL.PngImagePlugin DEBUG    STREAM b'IHDR' 16 13
2023-02-28 01:10:24,835 PIL.PngImagePlugin DEBUG    STREAM b'iCCP' 41 3181
2023-02-28 01:10:24,835 PIL.PngImagePlugin DEBUG    iCCP profile name b'ICC Profile'
2023-02-28 01:10:24,835 PIL.PngImagePlugin DEBUG    Compression method 0
2023-02-28 01:10:24,835 PIL.PngImagePlugin DEBUG    STREAM b'eXIf' 3234 138
2023-02-28 01:10:24,835 PIL.PngImagePlugin DEBUG    STREAM b'pHYs' 3384 9
2023-02-28 01:10:24,835 PIL.PngImagePlugin DEBUG    STREAM b'iTXt' 3405 471
2023-02-28 01:10:24,836 PIL.PngImagePlugin DEBUG    STREAM b'iDOT' 3888 28
2023-02-28 01:10:24,836 PIL.PngImagePlugin DEBUG    b'iDOT' 3888 28 (unknown)
2023-02-28 01:10:24,836 PIL.PngImagePlugin DEBUG    STREAM b'IDAT' 3928 16384
2023-02-28 01:10:24,840 django       ERROR    table summIApp_useruploadedfiles has no column named is_public_file
2023-02-28 01:11:02,780 PIL.PngImagePlugin DEBUG    STREAM b'IHDR' 16 13
2023-02-28 01:11:02,781 PIL.PngImagePlugin DEBUG    STREAM b'iCCP' 41 3181
2023-02-28 01:11:02,781 PIL.PngImagePlugin DEBUG    iCCP profile name b'ICC Profile'
2023-02-28 01:11:02,781 PIL.PngImagePlugin DEBUG    Compression method 0
2023-02-28 01:11:02,781 PIL.PngImagePlugin DEBUG    STREAM b'eXIf' 3234 138
2023-02-28 01:11:02,781 PIL.PngImagePlugin DEBUG    STREAM b'pHYs' 3384 9
2023-02-28 01:11:02,781 PIL.PngImagePlugin DEBUG    STREAM b'iTXt' 3405 471
2023-02-28 01:11:02,781 PIL.PngImagePlugin DEBUG    STREAM b'iDOT' 3888 28
2023-02-28 01:11:02,781 PIL.PngImagePlugin DEBUG    b'iDOT' 3888 28 (unknown)
2023-02-28 01:11:02,781 PIL.PngImagePlugin DEBUG    STREAM b'IDAT' 3928 16384
2023-02-28 01:11:02,790 django       ERROR    table summIApp_useruploadedfiles has no column named is_public_file
2023-02-28 01:12:40,599 PIL.PngImagePlugin DEBUG    STREAM b'IHDR' 16 13
2023-02-28 01:12:40,600 PIL.PngImagePlugin DEBUG    STREAM b'iCCP' 41 3181
2023-02-28 01:12:40,600 PIL.PngImagePlugin DEBUG    iCCP profile name b'ICC Profile'
2023-02-28 01:12:40,600 PIL.PngImagePlugin DEBUG    Compression method 0
2023-02-28 01:12:40,600 PIL.PngImagePlugin DEBUG    STREAM b'eXIf' 3234 138
2023-02-28 01:12:40,601 PIL.PngImagePlugin DEBUG    STREAM b'pHYs' 3384 9
2023-02-28 01:12:40,601 PIL.PngImagePlugin DEBUG    STREAM b'iTXt' 3405 471
2023-02-28 01:12:40,601 PIL.PngImagePlugin DEBUG    STREAM b'iDOT' 3888 28
2023-02-28 01:12:40,601 PIL.PngImagePlugin DEBUG    b'iDOT' 3888 28 (unknown)
2023-02-28 01:12:40,601 PIL.PngImagePlugin DEBUG    STREAM b'IDAT' 3928 16384
2023-02-28 01:12:40,606 django       ERROR    table summIApp_useruploadedfiles has no column named is_public_file
2023-02-28 01:14:31,987 PIL.PngImagePlugin DEBUG    STREAM b'IHDR' 16 13
2023-02-28 01:14:31,988 PIL.PngImagePlugin DEBUG    STREAM b'iCCP' 41 3181
2023-02-28 01:14:31,988 PIL.PngImagePlugin DEBUG    iCCP profile name b'ICC Profile'
2023-02-28 01:14:31,988 PIL.PngImagePlugin DEBUG    Compression method 0
2023-02-28 01:14:31,989 PIL.PngImagePlugin DEBUG    STREAM b'eXIf' 3234 150
2023-02-28 01:14:31,989 PIL.PngImagePlugin DEBUG    STREAM b'pHYs' 3396 9
2023-02-28 01:14:31,989 PIL.PngImagePlugin DEBUG    STREAM b'iTXt' 3417 732
2023-02-28 01:14:31,989 PIL.PngImagePlugin DEBUG    STREAM b'IDAT' 4161 16384
2023-02-28 01:14:31,994 django       ERROR    table summIApp_useruploadedfiles has no column named is_public_file
2023-02-28 01:14:56,667 PIL.PngImagePlugin DEBUG    STREAM b'IHDR' 16 13
2023-02-28 01:14:56,667 PIL.PngImagePlugin DEBUG    STREAM b'iCCP' 41 3181
2023-02-28 01:14:56,667 PIL.PngImagePlugin DEBUG    iCCP profile name b'ICC Profile'
2023-02-28 01:14:56,667 PIL.PngImagePlugin DEBUG    Compression method 0
2023-02-28 01:14:56,667 PIL.PngImagePlugin DEBUG    STREAM b'eXIf' 3234 150
2023-02-28 01:14:56,667 PIL.PngImagePlugin DEBUG    STREAM b'pHYs' 3396 9
2023-02-28 01:14:56,667 PIL.PngImagePlugin DEBUG    STREAM b'iTXt' 3417 732
2023-02-28 01:14:56,667 PIL.PngImagePlugin DEBUG    STREAM b'IDAT' 4161 16384
2023-02-28 01:14:56,672 django       ERROR    table summIApp_useruploadedfiles has no column named is_public_file
2023-02-28 01:15:11,889 django.request ERROR    Internal Server Error: /admin/summIApp/useruploadedfiles/
Traceback (most recent call last):
  File "/Library/Frameworks/Python.framework/Versions/3.10/lib/python3.10/site-packages/django/db/backends/utils.py", line 89, in _execute
    return self.cursor.execute(sql, params)
  File "/Library/Frameworks/Python.framework/Versions/3.10/lib/python3.10/site-packages/django/db/backends/sqlite3/base.py", line 357, in execute
    return Database.Cursor.execute(self, query, params)
sqlite3.OperationalError: no such column: summIApp_useruploadedfiles.is_public_file

The above exception was the direct cause of the following exception:

Traceback (most recent call last):
  File "/Library/Frameworks/Python.framework/Versions/3.10/lib/python3.10/site-packages/django/core/handlers/exception.py", line 55, in inner
    response = get_response(request)
  File "/Library/Frameworks/Python.framework/Versions/3.10/lib/python3.10/site-packages/django/core/handlers/base.py", line 197, in _get_response
    response = wrapped_callback(request, *callback_args, **callback_kwargs)
  File "/Library/Frameworks/Python.framework/Versions/3.10/lib/python3.10/site-packages/django/contrib/admin/options.py", line 686, in wrapper
    return self.admin_site.admin_view(view)(*args, **kwargs)
  File "/Library/Frameworks/Python.framework/Versions/3.10/lib/python3.10/site-packages/django/utils/decorators.py", line 133, in _wrapped_view
    response = view_func(request, *args, **kwargs)
  File "/Library/Frameworks/Python.framework/Versions/3.10/lib/python3.10/site-packages/django/views/decorators/cache.py", line 62, in _wrapped_view_func
    response = view_func(request, *args, **kwargs)
  File "/Library/Frameworks/Python.framework/Versions/3.10/lib/python3.10/site-packages/django/contrib/admin/sites.py", line 242, in inner
    return view(request, *args, **kwargs)
  File "/Library/Frameworks/Python.framework/Versions/3.10/lib/python3.10/site-packages/django/utils/decorators.py", line 46, in _wrapper
    return bound_method(*args, **kwargs)
  File "/Library/Frameworks/Python.framework/Versions/3.10/lib/python3.10/site-packages/django/utils/decorators.py", line 133, in _wrapped_view
    response = view_func(request, *args, **kwargs)
  File "/Library/Frameworks/Python.framework/Versions/3.10/lib/python3.10/site-packages/django/contrib/admin/options.py", line 2068, in changelist_view
    "selection_note": _("0 of %(cnt)s selected") % {"cnt": len(cl.result_list)},
  File "/Library/Frameworks/Python.framework/Versions/3.10/lib/python3.10/site-packages/django/db/models/query.py", line 376, in __len__
    self._fetch_all()
  File "/Library/Frameworks/Python.framework/Versions/3.10/lib/python3.10/site-packages/django/db/models/query.py", line 1867, in _fetch_all
    self._result_cache = list(self._iterable_class(self))
  File "/Library/Frameworks/Python.framework/Versions/3.10/lib/python3.10/site-packages/django/db/models/query.py", line 87, in __iter__
    results = compiler.execute_sql(
  File "/Library/Frameworks/Python.framework/Versions/3.10/lib/python3.10/site-packages/django/db/models/sql/compiler.py", line 1398, in execute_sql
    cursor.execute(sql, params)
  File "/Library/Frameworks/Python.framework/Versions/3.10/lib/python3.10/site-packages/django/db/backends/utils.py", line 103, in execute
    return super().execute(sql, params)
  File "/Library/Frameworks/Python.framework/Versions/3.10/lib/python3.10/site-packages/django/db/backends/utils.py", line 67, in execute
    return self._execute_with_wrappers(
  File "/Library/Frameworks/Python.framework/Versions/3.10/lib/python3.10/site-packages/django/db/backends/utils.py", line 80, in _execute_with_wrappers
    return executor(sql, params, many, context)
  File "/Library/Frameworks/Python.framework/Versions/3.10/lib/python3.10/site-packages/django/db/backends/utils.py", line 84, in _execute
    with self.db.wrap_database_errors:
  File "/Library/Frameworks/Python.framework/Versions/3.10/lib/python3.10/site-packages/django/db/utils.py", line 91, in __exit__
    raise dj_exc_value.with_traceback(traceback) from exc_value
  File "/Library/Frameworks/Python.framework/Versions/3.10/lib/python3.10/site-packages/django/db/backends/utils.py", line 89, in _execute
    return self.cursor.execute(sql, params)
  File "/Library/Frameworks/Python.framework/Versions/3.10/lib/python3.10/site-packages/django/db/backends/sqlite3/base.py", line 357, in execute
    return Database.Cursor.execute(self, query, params)
django.db.utils.OperationalError: no such column: summIApp_useruploadedfiles.is_public_file
2023-02-28 01:16:12,982 PIL.PngImagePlugin DEBUG    STREAM b'IHDR' 16 13
2023-02-28 01:16:12,983 PIL.PngImagePlugin DEBUG    STREAM b'iCCP' 41 3181
2023-02-28 01:16:12,983 PIL.PngImagePlugin DEBUG    iCCP profile name b'ICC Profile'
2023-02-28 01:16:12,983 PIL.PngImagePlugin DEBUG    Compression method 0
2023-02-28 01:16:12,983 PIL.PngImagePlugin DEBUG    STREAM b'eXIf' 3234 150
2023-02-28 01:16:12,983 PIL.PngImagePlugin DEBUG    STREAM b'pHYs' 3396 9
2023-02-28 01:16:12,983 PIL.PngImagePlugin DEBUG    STREAM b'iTXt' 3417 732
2023-02-28 01:16:12,983 PIL.PngImagePlugin DEBUG    STREAM b'IDAT' 4161 16384
2023-02-28 01:16:12,990 django       ERROR    table summIApp_useruploadedfiles has no column named is_public_file
2023-02-28 01:16:19,780 PIL.PngImagePlugin DEBUG    STREAM b'IHDR' 16 13
2023-02-28 01:16:19,780 PIL.PngImagePlugin DEBUG    STREAM b'iCCP' 41 3181
2023-02-28 01:16:19,780 PIL.PngImagePlugin DEBUG    iCCP profile name b'ICC Profile'
2023-02-28 01:16:19,781 PIL.PngImagePlugin DEBUG    Compression method 0
2023-02-28 01:16:19,781 PIL.PngImagePlugin DEBUG    STREAM b'eXIf' 3234 150
2023-02-28 01:16:19,781 PIL.PngImagePlugin DEBUG    STREAM b'pHYs' 3396 9
2023-02-28 01:16:19,781 PIL.PngImagePlugin DEBUG    STREAM b'iTXt' 3417 732
2023-02-28 01:16:19,781 PIL.PngImagePlugin DEBUG    STREAM b'IDAT' 4161 16384
2023-02-28 01:16:19,785 django       ERROR    table summIApp_useruploadedfiles has no column named is_public_file
2023-02-28 01:16:46,831 PIL.PngImagePlugin DEBUG    STREAM b'IHDR' 16 13
2023-02-28 01:16:46,831 PIL.PngImagePlugin DEBUG    STREAM b'iCCP' 41 3181
2023-02-28 01:16:46,831 PIL.PngImagePlugin DEBUG    iCCP profile name b'ICC Profile'
2023-02-28 01:16:46,831 PIL.PngImagePlugin DEBUG    Compression method 0
2023-02-28 01:16:46,832 PIL.PngImagePlugin DEBUG    STREAM b'eXIf' 3234 150
2023-02-28 01:16:46,832 PIL.PngImagePlugin DEBUG    STREAM b'pHYs' 3396 9
2023-02-28 01:16:46,832 PIL.PngImagePlugin DEBUG    STREAM b'iTXt' 3417 732
2023-02-28 01:16:46,832 PIL.PngImagePlugin DEBUG    STREAM b'IDAT' 4161 16384
2023-02-28 01:16:46,837 django       ERROR    table summIApp_useruploadedfiles has no column named is_public_file
2023-02-28 01:18:10,925 PIL.PngImagePlugin DEBUG    STREAM b'IHDR' 16 13
2023-02-28 01:18:10,926 PIL.PngImagePlugin DEBUG    STREAM b'iCCP' 41 3181
2023-02-28 01:18:10,926 PIL.PngImagePlugin DEBUG    iCCP profile name b'ICC Profile'
2023-02-28 01:18:10,926 PIL.PngImagePlugin DEBUG    Compression method 0
2023-02-28 01:18:10,926 PIL.PngImagePlugin DEBUG    STREAM b'eXIf' 3234 150
2023-02-28 01:18:10,926 PIL.PngImagePlugin DEBUG    STREAM b'pHYs' 3396 9
2023-02-28 01:18:10,926 PIL.PngImagePlugin DEBUG    STREAM b'iTXt' 3417 732
2023-02-28 01:18:10,926 PIL.PngImagePlugin DEBUG    STREAM b'IDAT' 4161 16384
2023-02-28 01:18:10,930 django       ERROR    table summIApp_useruploadedfiles has no column named is_public_file
2023-02-28 01:18:59,019 PIL.PngImagePlugin DEBUG    STREAM b'IHDR' 16 13
2023-02-28 01:18:59,019 PIL.PngImagePlugin DEBUG    STREAM b'iCCP' 41 3181
2023-02-28 01:18:59,019 PIL.PngImagePlugin DEBUG    iCCP profile name b'ICC Profile'
2023-02-28 01:18:59,019 PIL.PngImagePlugin DEBUG    Compression method 0
2023-02-28 01:18:59,020 PIL.PngImagePlugin DEBUG    STREAM b'eXIf' 3234 150
2023-02-28 01:18:59,020 PIL.PngImagePlugin DEBUG    STREAM b'pHYs' 3396 9
2023-02-28 01:18:59,020 PIL.PngImagePlugin DEBUG    STREAM b'iTXt' 3417 732
2023-02-28 01:18:59,020 PIL.PngImagePlugin DEBUG    STREAM b'IDAT' 4161 16384
2023-02-28 01:18:59,024 django       ERROR    table summIApp_useruploadedfiles has no column named is_public_file
2023-02-28 01:19:40,268 PIL.PngImagePlugin DEBUG    STREAM b'IHDR' 16 13
2023-02-28 01:19:40,269 PIL.PngImagePlugin DEBUG    STREAM b'iCCP' 41 3181
2023-02-28 01:19:40,269 PIL.PngImagePlugin DEBUG    iCCP profile name b'ICC Profile'
2023-02-28 01:19:40,269 PIL.PngImagePlugin DEBUG    Compression method 0
2023-02-28 01:19:40,269 PIL.PngImagePlugin DEBUG    STREAM b'eXIf' 3234 150
2023-02-28 01:19:40,269 PIL.PngImagePlugin DEBUG    STREAM b'pHYs' 3396 9
2023-02-28 01:19:40,269 PIL.PngImagePlugin DEBUG    STREAM b'iTXt' 3417 732
2023-02-28 01:19:40,269 PIL.PngImagePlugin DEBUG    STREAM b'IDAT' 4161 16384
2023-02-28 01:19:40,273 django       ERROR    table summIApp_useruploadedfiles has no column named is_public_file
2023-02-28 02:26:35,034 django.utils.autoreload INFO     Watching for file changes with StatReloader
2023-02-28 02:35:56,011 PIL.PngImagePlugin DEBUG    STREAM b'IHDR' 16 13
2023-02-28 02:35:56,012 PIL.PngImagePlugin DEBUG    STREAM b'tEXt' 41 25
2023-02-28 02:35:56,012 PIL.PngImagePlugin DEBUG    STREAM b'iTXt' 78 806
2023-02-28 02:35:56,012 PIL.PngImagePlugin DEBUG    STREAM b'PLTE' 896 768
2023-02-28 02:35:56,012 PIL.PngImagePlugin DEBUG    STREAM b'tRNS' 1676 256
2023-02-28 02:35:56,012 PIL.PngImagePlugin DEBUG    STREAM b'IDAT' 1944 3975
2023-02-28 02:35:56,019 django       ERROR    table summIApp_useruploadedfiles has no column named is_public_file
2023-02-28 02:36:05,442 PIL.PngImagePlugin DEBUG    STREAM b'IHDR' 16 13
2023-02-28 02:36:05,444 PIL.PngImagePlugin DEBUG    STREAM b'tEXt' 41 25
2023-02-28 02:36:05,444 PIL.PngImagePlugin DEBUG    STREAM b'iTXt' 78 806
2023-02-28 02:36:05,444 PIL.PngImagePlugin DEBUG    STREAM b'PLTE' 896 768
2023-02-28 02:36:05,444 PIL.PngImagePlugin DEBUG    STREAM b'tRNS' 1676 256
2023-02-28 02:36:05,444 PIL.PngImagePlugin DEBUG    STREAM b'IDAT' 1944 3975
2023-02-28 02:36:05,450 django       ERROR    table summIApp_useruploadedfiles has no column named is_public_file
2023-02-28 02:36:21,168 PIL.PngImagePlugin DEBUG    STREAM b'IHDR' 16 13
2023-02-28 02:36:21,169 PIL.PngImagePlugin DEBUG    STREAM b'tEXt' 41 25
2023-02-28 02:36:21,169 PIL.PngImagePlugin DEBUG    STREAM b'iTXt' 78 806
2023-02-28 02:36:21,169 PIL.PngImagePlugin DEBUG    STREAM b'PLTE' 896 768
2023-02-28 02:36:21,169 PIL.PngImagePlugin DEBUG    STREAM b'tRNS' 1676 256
2023-02-28 02:36:21,169 PIL.PngImagePlugin DEBUG    STREAM b'IDAT' 1944 3975
2023-02-28 02:36:21,174 django       ERROR    table summIApp_useruploadedfiles has no column named is_public_file
2023-02-28 02:38:32,476 PIL.PngImagePlugin DEBUG    STREAM b'IHDR' 16 13
2023-02-28 02:38:32,478 PIL.PngImagePlugin DEBUG    STREAM b'tEXt' 41 25
2023-02-28 02:38:32,478 PIL.PngImagePlugin DEBUG    STREAM b'iTXt' 78 806
2023-02-28 02:38:32,478 PIL.PngImagePlugin DEBUG    STREAM b'PLTE' 896 768
2023-02-28 02:38:32,478 PIL.PngImagePlugin DEBUG    STREAM b'tRNS' 1676 256
2023-02-28 02:38:32,479 PIL.PngImagePlugin DEBUG    STREAM b'IDAT' 1944 3975
2023-02-28 02:38:32,486 django       ERROR    table summIApp_useruploadedfiles has no column named is_public_file
2023-02-28 02:38:33,769 PIL.PngImagePlugin DEBUG    STREAM b'IHDR' 16 13
2023-02-28 02:38:33,769 PIL.PngImagePlugin DEBUG    STREAM b'tEXt' 41 25
2023-02-28 02:38:33,769 PIL.PngImagePlugin DEBUG    STREAM b'iTXt' 78 806
2023-02-28 02:38:33,769 PIL.PngImagePlugin DEBUG    STREAM b'PLTE' 896 768
2023-02-28 02:38:33,769 PIL.PngImagePlugin DEBUG    STREAM b'tRNS' 1676 256
2023-02-28 02:38:33,769 PIL.PngImagePlugin DEBUG    STREAM b'IDAT' 1944 3975
2023-02-28 02:38:33,773 django       ERROR    table summIApp_useruploadedfiles has no column named is_public_file
2023-02-28 03:23:50,366 PIL.PngImagePlugin DEBUG    STREAM b'IHDR' 16 13
2023-02-28 03:23:50,368 PIL.PngImagePlugin DEBUG    STREAM b'tEXt' 41 25
2023-02-28 03:23:50,368 PIL.PngImagePlugin DEBUG    STREAM b'iTXt' 78 806
2023-02-28 03:23:50,368 PIL.PngImagePlugin DEBUG    STREAM b'PLTE' 896 768
2023-02-28 03:23:50,368 PIL.PngImagePlugin DEBUG    STREAM b'tRNS' 1676 256
2023-02-28 03:23:50,368 PIL.PngImagePlugin DEBUG    STREAM b'IDAT' 1944 3975
2023-02-28 03:23:50,377 django       ERROR    table summIApp_useruploadedfiles has no column named is_public_file
2023-02-28 03:46:27,023 PIL.PngImagePlugin DEBUG    STREAM b'IHDR' 16 13
2023-02-28 03:46:27,024 PIL.PngImagePlugin DEBUG    STREAM b'tEXt' 41 25
2023-02-28 03:46:27,024 PIL.PngImagePlugin DEBUG    STREAM b'iTXt' 78 806
2023-02-28 03:46:27,025 PIL.PngImagePlugin DEBUG    STREAM b'PLTE' 896 768
2023-02-28 03:46:27,025 PIL.PngImagePlugin DEBUG    STREAM b'tRNS' 1676 256
2023-02-28 03:46:27,025 PIL.PngImagePlugin DEBUG    STREAM b'IDAT' 1944 3975
2023-02-28 03:46:27,032 django       ERROR    table summIApp_useruploadedfiles has no column named is_public_file
2023-02-28 03:46:56,596 PIL.PngImagePlugin DEBUG    STREAM b'IHDR' 16 13
2023-02-28 03:46:56,596 PIL.PngImagePlugin DEBUG    STREAM b'tEXt' 41 25
2023-02-28 03:46:56,596 PIL.PngImagePlugin DEBUG    STREAM b'iTXt' 78 806
2023-02-28 03:46:56,596 PIL.PngImagePlugin DEBUG    STREAM b'PLTE' 896 768
2023-02-28 03:46:56,596 PIL.PngImagePlugin DEBUG    STREAM b'tRNS' 1676 256
2023-02-28 03:46:56,597 PIL.PngImagePlugin DEBUG    STREAM b'IDAT' 1944 3975
2023-02-28 03:46:56,601 django       ERROR    table summIApp_useruploadedfiles has no column named is_public_file
2023-02-28 05:12:06,751 django.utils.autoreload INFO     Watching for file changes with StatReloader
2023-02-28 05:12:26,370 django.utils.autoreload INFO     /Users/huminrui/Desktop/Summi/summIApp/ocr_model/summi_ocr.py changed, reloading.
2023-02-28 05:12:26,535 django.utils.autoreload INFO     Watching for file changes with StatReloader
2023-02-28 05:12:53,566 django.utils.autoreload INFO     Watching for file changes with StatReloader
